<?xml version="1.0" encoding="UTF-8"?>
<!-- Generated by org.testng.reporters.JUnitReportReporter -->
<testsuite hostname="THANGAPRATHAPKUMAR-MacBook-Air.local" failures="0" tests="3" name="com.qa.opencart.test.LoginPageTest" time="3.346" errors="0" timestamp="2025-03-22T21:00:40 IST" skipped="0">
  <testcase classname="com.qa.opencart.test.LoginPageTest" name="navigationTest" time="0.547"/>
  <system-out/>
  <testcase classname="com.qa.opencart.test.LoginPageTest" name="forgotPasswordLinkExist" time="0.066"/>
  <system-out/>
  <testcase classname="com.qa.opencart.test.LoginPageTest" name="appLoginTest" time="2.733"/>
  <system-out/>
</testsuite> <!-- com.qa.opencart.test.LoginPageTest -->
