<?xml version="1.0" encoding="UTF-8"?>
<!-- Generated by org.testng.reporters.JUnitReportReporter -->
<testsuite hostname="THANGAPRATHAPKUMAR-MacBook-Air.local" failures="0" tests="5" name="com.qa.opencart.test.HomePageTest" time="1.411" errors="0" timestamp="2025-03-22T21:00:40 IST" skipped="0">
  <testcase classname="com.qa.opencart.test.HomePageTest" name="homePageTitleTest" time="0.014"/>
  <system-out/>
  <testcase classname="com.qa.opencart.test.HomePageTest" name="searchTest" time="0.458"/>
  <system-out/>
  <testcase classname="com.qa.opencart.test.HomePageTest" name="searchTest" time="0.532"/>
  <system-out/>
  <testcase classname="com.qa.opencart.test.HomePageTest" name="searchTest" time="0.406"/>
  <system-out/>
  <testcase classname="com.qa.opencart.test.HomePageTest" name="homePageTitleURL" time="0.001"/>
  <system-out/>
</testsuite> <!-- com.qa.opencart.test.HomePageTest -->
